2010-03-15 13:47:18 Debug: Notice (8): Use of undefined constant SYS_PAGE_ADV - assumed 'SYS_PAGE_ADV' in [APP\views\layouts\default.ctp, line 58]
2010-03-15 13:47:18 Debug: Notice (8): Use of undefined constant SYS_PAGE_META - assumed 'SYS_PAGE_META' in [APP\views\layouts\default.ctp, line 59]
2010-03-15 13:47:18 Debug: Notice (8): Use of undefined constant SYS_PAGE_ADV - assumed 'SYS_PAGE_ADV' in [APP\views\layouts\default.ctp, line 58]
2010-03-15 13:47:18 Debug: Notice (8): Use of undefined constant SYS_PAGE_ADV - assumed 'SYS_PAGE_ADV' in [APP\views\layouts\default.ctp, line 58]
2010-03-15 13:47:18 Debug: Notice (8): Use of undefined constant SYS_PAGE_META - assumed 'SYS_PAGE_META' in [APP\views\layouts\default.ctp, line 59]
2010-03-15 13:47:18 Debug: Notice (8): Use of undefined constant SYS_PAGE_META - assumed 'SYS_PAGE_META' in [APP\views\layouts\default.ctp, line 59]
2010-03-15 13:47:18 Debug: Notice (8): Use of undefined constant SYS_PAGE_ADV - assumed 'SYS_PAGE_ADV' in [APP\views\layouts\default.ctp, line 58]
2010-03-15 13:47:18 Debug: Notice (8): Use of undefined constant SYS_PAGE_ADV - assumed 'SYS_PAGE_ADV' in [APP\views\layouts\default.ctp, line 58]
2010-03-15 13:47:18 Debug: Notice (8): Use of undefined constant SYS_PAGE_META - assumed 'SYS_PAGE_META' in [APP\views\layouts\default.ctp, line 59]
2010-03-15 13:47:18 Debug: Notice (8): Use of undefined constant SYS_PAGE_ADV - assumed 'SYS_PAGE_ADV' in [APP\views\layouts\default.ctp, line 58]
2010-03-15 13:47:18 Debug: Notice (8): Use of undefined constant SYS_PAGE_META - assumed 'SYS_PAGE_META' in [APP\views\layouts\default.ctp, line 59]
2010-03-15 13:47:18 Debug: Notice (8): Use of undefined constant SYS_PAGE_META - assumed 'SYS_PAGE_META' in [APP\views\layouts\default.ctp, line 59]
2010-03-15 13:47:33 Debug: Notice (8): Use of undefined constant SYS_PAGE_ADV - assumed 'SYS_PAGE_ADV' in [APP\views\layouts\default.ctp, line 58]
2010-03-15 13:47:33 Debug: Notice (8): Use of undefined constant SYS_PAGE_META - assumed 'SYS_PAGE_META' in [APP\views\layouts\default.ctp, line 59]
2010-03-15 13:47:33 Debug: Notice (8): Use of undefined constant SYS_PAGE_ADV - assumed 'SYS_PAGE_ADV' in [APP\views\layouts\default.ctp, line 58]
2010-03-15 13:47:33 Debug: Notice (8): Use of undefined constant SYS_PAGE_META - assumed 'SYS_PAGE_META' in [APP\views\layouts\default.ctp, line 59]
2010-03-15 13:47:33 Debug: Notice (8): Use of undefined constant SYS_PAGE_ADV - assumed 'SYS_PAGE_ADV' in [APP\views\layouts\default.ctp, line 58]
2010-03-15 13:47:33 Debug: Notice (8): Use of undefined constant SYS_PAGE_META - assumed 'SYS_PAGE_META' in [APP\views\layouts\default.ctp, line 59]
2010-03-15 13:47:33 Debug: Notice (8): Use of undefined constant SYS_PAGE_ADV - assumed 'SYS_PAGE_ADV' in [APP\views\layouts\default.ctp, line 58]
2010-03-15 13:47:33 Debug: Notice (8): Use of undefined constant SYS_PAGE_META - assumed 'SYS_PAGE_META' in [APP\views\layouts\default.ctp, line 59]
2010-03-15 13:47:33 Debug: Notice (8): Use of undefined constant SYS_PAGE_ADV - assumed 'SYS_PAGE_ADV' in [APP\views\layouts\default.ctp, line 58]
2010-03-15 13:47:33 Debug: Notice (8): Use of undefined constant SYS_PAGE_META - assumed 'SYS_PAGE_META' in [APP\views\layouts\default.ctp, line 59]
2010-03-15 13:47:33 Debug: Notice (8): Use of undefined constant SYS_PAGE_ADV - assumed 'SYS_PAGE_ADV' in [APP\views\layouts\default.ctp, line 58]
2010-03-15 13:47:33 Debug: Notice (8): Use of undefined constant SYS_PAGE_META - assumed 'SYS_PAGE_META' in [APP\views\layouts\default.ctp, line 59]
2010-03-15 13:47:36 Debug: Notice (8): Use of undefined constant SYS_PAGE_ADV - assumed 'SYS_PAGE_ADV' in [APP\views\layouts\default.ctp, line 58]
2010-03-15 13:47:36 Debug: Notice (8): Use of undefined constant SYS_PAGE_META - assumed 'SYS_PAGE_META' in [APP\views\layouts\default.ctp, line 59]
2010-03-15 13:47:36 Debug: Notice (8): Use of undefined constant SYS_PAGE_ADV - assumed 'SYS_PAGE_ADV' in [APP\views\layouts\default.ctp, line 58]
2010-03-15 13:47:36 Debug: Notice (8): Use of undefined constant SYS_PAGE_META - assumed 'SYS_PAGE_META' in [APP\views\layouts\default.ctp, line 59]
2010-03-15 13:47:36 Debug: Notice (8): Use of undefined constant SYS_PAGE_ADV - assumed 'SYS_PAGE_ADV' in [APP\views\layouts\default.ctp, line 58]
2010-03-15 13:47:36 Debug: Notice (8): Use of undefined constant SYS_PAGE_META - assumed 'SYS_PAGE_META' in [APP\views\layouts\default.ctp, line 59]
2010-03-15 13:47:36 Debug: Notice (8): Use of undefined constant SYS_PAGE_ADV - assumed 'SYS_PAGE_ADV' in [APP\views\layouts\default.ctp, line 58]
2010-03-15 13:47:36 Debug: Notice (8): Use of undefined constant SYS_PAGE_ADV - assumed 'SYS_PAGE_ADV' in [APP\views\layouts\default.ctp, line 58]
2010-03-15 13:47:36 Debug: Notice (8): Use of undefined constant SYS_PAGE_META - assumed 'SYS_PAGE_META' in [APP\views\layouts\default.ctp, line 59]
2010-03-15 13:47:36 Debug: Notice (8): Use of undefined constant SYS_PAGE_ADV - assumed 'SYS_PAGE_ADV' in [APP\views\layouts\default.ctp, line 58]
2010-03-15 13:47:36 Debug: Notice (8): Use of undefined constant SYS_PAGE_META - assumed 'SYS_PAGE_META' in [APP\views\layouts\default.ctp, line 59]
2010-03-15 13:47:36 Debug: Notice (8): Use of undefined constant SYS_PAGE_META - assumed 'SYS_PAGE_META' in [APP\views\layouts\default.ctp, line 59]
2010-03-15 13:47:38 Debug: Notice (8): Use of undefined constant SYS_PAGE_ADV - assumed 'SYS_PAGE_ADV' in [APP\views\layouts\default.ctp, line 58]
2010-03-15 13:47:38 Debug: Notice (8): Use of undefined constant SYS_PAGE_META - assumed 'SYS_PAGE_META' in [APP\views\layouts\default.ctp, line 59]
2010-03-15 13:47:38 Debug: Notice (8): Use of undefined constant SYS_PAGE_ADV - assumed 'SYS_PAGE_ADV' in [APP\views\layouts\default.ctp, line 58]
2010-03-15 13:47:38 Debug: Notice (8): Use of undefined constant SYS_PAGE_META - assumed 'SYS_PAGE_META' in [APP\views\layouts\default.ctp, line 59]
2010-03-15 13:47:38 Debug: Notice (8): Use of undefined constant SYS_PAGE_ADV - assumed 'SYS_PAGE_ADV' in [APP\views\layouts\default.ctp, line 58]
2010-03-15 13:47:38 Debug: Notice (8): Use of undefined constant SYS_PAGE_META - assumed 'SYS_PAGE_META' in [APP\views\layouts\default.ctp, line 59]
2010-03-15 13:47:38 Debug: Notice (8): Use of undefined constant SYS_PAGE_ADV - assumed 'SYS_PAGE_ADV' in [APP\views\layouts\default.ctp, line 58]
2010-03-15 13:47:38 Debug: Notice (8): Use of undefined constant SYS_PAGE_META - assumed 'SYS_PAGE_META' in [APP\views\layouts\default.ctp, line 59]
2010-03-15 13:47:38 Debug: Notice (8): Use of undefined constant SYS_PAGE_ADV - assumed 'SYS_PAGE_ADV' in [APP\views\layouts\default.ctp, line 58]
2010-03-15 13:47:38 Debug: Notice (8): Use of undefined constant SYS_PAGE_META - assumed 'SYS_PAGE_META' in [APP\views\layouts\default.ctp, line 59]
2010-03-15 13:47:38 Debug: Notice (8): Use of undefined constant SYS_PAGE_ADV - assumed 'SYS_PAGE_ADV' in [APP\views\layouts\default.ctp, line 58]
2010-03-15 13:47:38 Debug: Notice (8): Use of undefined constant SYS_PAGE_META - assumed 'SYS_PAGE_META' in [APP\views\layouts\default.ctp, line 59]
2010-03-15 13:47:38 Debug: Notice (8): Use of undefined constant SYS_PAGE_ADV - assumed 'SYS_PAGE_ADV' in [APP\views\layouts\default.ctp, line 58]
2010-03-15 13:47:38 Debug: Notice (8): Use of undefined constant SYS_PAGE_META - assumed 'SYS_PAGE_META' in [APP\views\layouts\default.ctp, line 59]
2010-03-15 13:47:43 Debug: Notice (8): Use of undefined constant SYS_PAGE_ADV - assumed 'SYS_PAGE_ADV' in [APP\views\layouts\default.ctp, line 58]
2010-03-15 13:47:43 Debug: Notice (8): Use of undefined constant SYS_PAGE_META - assumed 'SYS_PAGE_META' in [APP\views\layouts\default.ctp, line 59]
2010-03-15 13:47:43 Debug: Notice (8): Use of undefined constant SYS_PAGE_ADV - assumed 'SYS_PAGE_ADV' in [APP\views\layouts\default.ctp, line 58]
2010-03-15 13:47:43 Debug: Notice (8): Use of undefined constant SYS_PAGE_META - assumed 'SYS_PAGE_META' in [APP\views\layouts\default.ctp, line 59]
2010-03-15 13:47:43 Debug: Notice (8): Use of undefined constant SYS_PAGE_ADV - assumed 'SYS_PAGE_ADV' in [APP\views\layouts\default.ctp, line 58]
2010-03-15 13:47:43 Debug: Notice (8): Use of undefined constant SYS_PAGE_META - assumed 'SYS_PAGE_META' in [APP\views\layouts\default.ctp, line 59]
2010-03-15 13:47:43 Debug: Notice (8): Use of undefined constant SYS_PAGE_ADV - assumed 'SYS_PAGE_ADV' in [APP\views\layouts\default.ctp, line 58]
2010-03-15 13:47:43 Debug: Notice (8): Use of undefined constant SYS_PAGE_META - assumed 'SYS_PAGE_META' in [APP\views\layouts\default.ctp, line 59]
2010-03-15 13:47:43 Debug: Notice (8): Use of undefined constant SYS_PAGE_ADV - assumed 'SYS_PAGE_ADV' in [APP\views\layouts\default.ctp, line 58]
2010-03-15 13:47:43 Debug: Notice (8): Use of undefined constant SYS_PAGE_META - assumed 'SYS_PAGE_META' in [APP\views\layouts\default.ctp, line 59]
2010-03-15 13:47:43 Debug: Notice (8): Use of undefined constant SYS_PAGE_ADV - assumed 'SYS_PAGE_ADV' in [APP\views\layouts\default.ctp, line 58]
2010-03-15 13:47:43 Debug: Notice (8): Use of undefined constant SYS_PAGE_META - assumed 'SYS_PAGE_META' in [APP\views\layouts\default.ctp, line 59]
2010-03-15 13:47:43 Debug: Notice (8): Use of undefined constant SYS_PAGE_ADV - assumed 'SYS_PAGE_ADV' in [APP\views\layouts\default.ctp, line 58]
2010-03-15 13:47:43 Debug: Notice (8): Use of undefined constant SYS_PAGE_META - assumed 'SYS_PAGE_META' in [APP\views\layouts\default.ctp, line 59]
2010-03-15 13:59:14 Debug: Notice (8): Undefined variable: sysGroups in [APP\views\sys_functions\index.ctp, line 37]
2010-03-15 14:01:44 Debug: Notice (8): Undefined variable: sysGroups in [APP\views\sys_functions\index.ctp, line 36]
2010-03-15 14:01:46 Debug: Notice (8): Undefined variable: sysGroups in [APP\views\sys_functions\index.ctp, line 36]
2010-03-15 14:03:10 Debug: Notice (8): Undefined variable: sysGroups in [APP\views\sys_functions\index.ctp, line 36]
2010-03-15 14:03:11 Debug: Notice (8): Undefined variable: sysGroups in [APP\views\sys_functions\index.ctp, line 36]
2010-03-15 14:10:51 Debug: Notice (8): Undefined variable: sysGroup in [APP\views\sys_functions\index.ctp, line 44]
2010-03-15 14:10:51 Debug: Notice (8): Undefined variable: sysGroup in [APP\views\sys_functions\index.ctp, line 47]
2010-03-15 14:10:51 Debug: Notice (8): Undefined variable: sysGroup in [APP\views\sys_functions\index.ctp, line 50]
2010-03-15 14:10:51 Debug: Notice (8): Undefined variable: sysGroup in [APP\views\sys_functions\index.ctp, line 53]
2010-03-15 14:10:51 Debug: Notice (8): Undefined variable: sysGroup in [APP\views\sys_functions\index.ctp, line 56]
2010-03-15 14:10:51 Debug: Notice (8): Undefined variable: sysGroup in [APP\views\sys_functions\index.ctp, line 59]
2010-03-15 14:10:51 Debug: Notice (8): Undefined variable: sysGroup in [APP\views\sys_functions\index.ctp, line 62]
2010-03-15 14:10:51 Debug: Notice (8): Undefined variable: sysGroup in [APP\views\sys_functions\index.ctp, line 63]
2010-03-15 14:10:51 Debug: Notice (8): Undefined variable: sysGroup in [APP\views\sys_functions\index.ctp, line 64]
2010-03-15 14:14:43 Debug: Notice (8): Undefined variable: sysGroup in [APP\views\sys_functions\manage.ctp, line 23]
2010-03-15 14:21:33 Debug: Notice (8): Undefined variable: sysGroup in [APP\views\sys_functions\manage.ctp, line 23]
2010-03-15 14:31:43 Debug: Notice (8): Undefined index:  sys_group_id in [APP\controllers\sys_controllers_controller.php, line 15]
2010-03-15 16:46:30 Debug: Notice (8): Undefined variable: paginator in [APP\views\sys_functions\index.ctp, line 26]
2010-03-15 16:47:52 Debug: Notice (8): Undefined variable: sysFunctions in [APP\views\sys_functions\index.ctp, line 34]
2010-03-15 16:47:52 Debug: Notice (8): Undefined variable: sysFunctions in [APP\views\sys_functions\index.ctp, line 66]
2010-03-15 16:47:52 Debug: Notice (8): Undefined variable: paginator in [APP\views\sys_functions\index.ctp, line 111]
2010-03-15 16:48:13 Debug: Notice (8): Undefined index:  SysMenu in [APP\views\sys_functions\index.ctp, line 37]
2010-03-15 16:48:13 Debug: Notice (8): Undefined index:  SysMenu in [APP\views\sys_functions\index.ctp, line 40]
2010-03-15 16:48:13 Debug: Notice (8): Undefined index:  SysMenu in [APP\views\sys_functions\index.ctp, line 46]
2010-03-15 16:48:13 Debug: Notice (8): Undefined index:  SysMenu in [APP\views\sys_functions\index.ctp, line 49]
2010-03-15 16:48:13 Debug: Notice (8): Undefined index:  SysMenu in [APP\views\sys_functions\index.ctp, line 52]
2010-03-15 16:48:13 Debug: Notice (8): Undefined index:  SysMenu in [APP\views\sys_functions\index.ctp, line 55]
2010-03-15 16:48:13 Debug: Notice (8): Undefined index:  SysMenu in [APP\views\sys_functions\index.ctp, line 58]
2010-03-15 16:48:13 Debug: Notice (8): Undefined index:  SysMenu in [APP\views\sys_functions\index.ctp, line 59]
2010-03-15 16:48:13 Debug: Notice (8): Undefined variable: paginator in [APP\views\sys_functions\index.ctp, line 111]
2010-03-15 16:49:06 Debug: Notice (8): Undefined index:  SysMenu in [APP\views\sys_functions\index.ctp, line 43]
2010-03-15 16:49:06 Debug: Notice (8): Undefined index:   in [APP\views\sys_functions\index.ctp, line 43]
2010-03-15 16:49:06 Debug: Notice (8): Undefined variable: paginator in [APP\views\sys_functions\index.ctp, line 108]
2010-03-15 16:49:21 Debug: Notice (8): Undefined index:  SysMenu in [APP\views\sys_functions\index.ctp, line 43]
2010-03-15 16:49:21 Debug: Notice (8): Undefined index:   in [APP\views\sys_functions\index.ctp, line 43]
2010-03-25 09:25:40 Debug: Notice (8): Uninitialized string offset:  0 in [CORE\cake\libs\view\helpers\html.php, line 442]
2010-03-27 10:42:55 Debug: Notice (8): Uninitialized string offset:  0 in [CORE\cake\libs\view\helpers\html.php, line 442]
2010-03-27 12:11:32 Debug: Notice (8): Undefined variable: paginator in [APP\views\groups\index.ctp, line 26]
2010-03-27 13:55:30 Debug: Notice (8): Undefined property: GroupsController::$SysFunction in [APP\controllers\groups_controller.php, line 29]
2010-03-27 13:55:52 Debug: Notice (8): Undefined index:  Fucntion in [APP\views\groups\index.ctp, line 76]
2010-03-27 13:56:08 Debug: Notice (8): Undefined index:  Fucntion in [APP\views\groups\index.ctp, line 76]
2010-03-27 13:56:45 Debug: Notice (8): Undefined index:  SysFucntion in [APP\views\groups\index.ctp, line 76]
2010-03-27 13:57:03 Debug: Notice (8): Undefined index:  SysFucntion in [APP\views\groups\index.ctp, line 76]
2010-03-29 18:56:21 Debug: Notice (8): Undefined variable: action in [APP\controllers\sys_functions_controller.php, line 35]
2010-03-29 19:06:35 Debug: Notice (8): Undefined property: SysFunctionsController::$Model in [APP\controllers\sys_functions_controller.php, line 38]
2010-03-29 19:53:03 Debug: Notice (8): Undefined variable: arrOldContent in [APP\controllers\sys_functions_controller.php, line 71]
2010-03-29 19:54:43 Debug: Notice (8): Undefined variable: arrOldContent in [APP\controllers\sys_functions_controller.php, line 72]
2010-03-29 19:55:08 Debug: Notice (8): Undefined variable: arrOldContent in [APP\controllers\sys_functions_controller.php, line 72]
2010-03-29 19:55:25 Debug: Notice (8): Undefined variable: arrOldContent in [APP\controllers\sys_functions_controller.php, line 72]
2010-03-29 19:56:22 Debug: Notice (8): Undefined variable: arrOldContent in [APP\controllers\sys_functions_controller.php, line 72]
2010-03-29 19:57:55 Debug: Notice (8): Undefined variable: arrOldContent in [APP\controllers\sys_functions_controller.php, line 71]
2010-03-29 19:58:18 Debug: Notice (8): Undefined variable: arrOldContent in [APP\controllers\sys_functions_controller.php, line 72]
2010-03-29 19:58:51 Debug: Notice (8): Undefined variable: arrOldContent in [APP\controllers\sys_functions_controller.php, line 70]
2010-04-26 16:01:32 Debug: Notice (8): Undefined variable: paginator in [APP\views\maps\edit.ctp, line 84]
2010-04-26 16:01:42 Debug: Notice (8): Undefined variable: paginator in [APP\views\maps\edit.ctp, line 84]
2010-04-26 16:02:40 Debug: Notice (8): Undefined index:  redirect_id in [APP\views\maps\edit.ctp, line 106]
2010-04-26 16:05:18 Debug: Notice (8): Undefined variable: paginator in [APP\views\map_links\edit.ctp, line 69]
2010-04-26 16:08:00 Debug: Notice (8): Undefined offset:  1 in [APP\views\map_links\edit.ctp, line 25]
2010-04-26 16:08:00 Debug: Notice (8): Undefined offset:  1 in [APP\views\map_links\edit.ctp, line 46]
