2010-03-15 13:59:14 Warning: Warning (2): Invalid argument supplied for foreach() in [APP\views\sys_functions\index.ctp, line 37]
2010-03-15 14:01:44 Warning: Warning (2): Invalid argument supplied for foreach() in [APP\views\sys_functions\index.ctp, line 36]
2010-03-15 14:01:46 Warning: Warning (2): Invalid argument supplied for foreach() in [APP\views\sys_functions\index.ctp, line 36]
2010-03-15 14:03:10 Warning: Warning (2): Invalid argument supplied for foreach() in [APP\views\sys_functions\index.ctp, line 36]
2010-03-15 14:03:11 Warning: Warning (2): Invalid argument supplied for foreach() in [APP\views\sys_functions\index.ctp, line 36]
2010-03-15 14:17:13 Warning: Warning (512): <span style = "color:Red;text-align:left"><b>SQL Error:</b> 1064: You have an error in your SQL syntax; check the manual that corresponds to your MySQL server version for the right syntax to use near 'getIDsByGroupFunction' at line 1</span> in [CORE\cake\libs\model\datasources\dbo_source.php, line 527]
2010-03-15 14:17:13 Warning: Warning (2): Cannot modify header information - headers already sent by (output started at C:\xampp\htdocs\cake\basics.php:109) in [CORE\cake\libs\controller\controller.php, line 647]
2010-03-15 14:18:47 Warning: Warning (512): <span style = "color:Red;text-align:left"><b>SQL Error:</b> 1064: You have an error in your SQL syntax; check the manual that corresponds to your MySQL server version for the right syntax to use near 'getIDsByGroupFunction' at line 1</span> in [CORE\cake\libs\model\datasources\dbo_source.php, line 527]
2010-03-15 14:18:47 Warning: Warning (2): Cannot modify header information - headers already sent by (output started at C:\xampp\htdocs\cake\basics.php:109) in [CORE\cake\libs\controller\controller.php, line 647]
2010-03-15 14:31:43 Warning: Warning (2): Cannot modify header information - headers already sent by (output started at C:\xampp\htdocs\cake\basics.php:109) in [CORE\cake\libs\controller\controller.php, line 647]
2010-03-15 16:47:52 Warning: Warning (2): Invalid argument supplied for foreach() in [APP\views\sys_functions\index.ctp, line 34]
2010-03-15 16:47:52 Warning: Warning (2): Invalid argument supplied for foreach() in [APP\views\sys_functions\index.ctp, line 66]
2010-03-27 11:22:27 Warning: Warning (2): Cannot modify header information - headers already sent by (output started at C:\xampp\htdocs\cake\basics.php:106) in [CORE\cake\libs\controller\controller.php, line 647]
2010-03-27 14:08:35 Warning: Warning (2): Cannot modify header information - headers already sent by (output started at C:\xampp\htdocs\sushi\sourcecode\cake\basics.php:106) in [CORE\cake\libs\controller\controller.php, line 647]
2010-03-29 19:39:33 Warning: Warning (2): Cannot modify header information - headers already sent by (output started at C:\xampp\htdocs\sushi\sourcecode\system\controllers\sys_functions_controller.php:65) in [CORE\cake\libs\controller\controller.php, line 647]
2010-03-29 19:53:03 Warning: Warning (2): Invalid argument supplied for foreach() in [APP\controllers\sys_functions_controller.php, line 71]
2010-03-29 19:54:43 Warning: Warning (2): Invalid argument supplied for foreach() in [APP\controllers\sys_functions_controller.php, line 72]
2010-03-29 19:55:08 Warning: Warning (2): Invalid argument supplied for foreach() in [APP\controllers\sys_functions_controller.php, line 72]
2010-03-29 19:55:25 Warning: Warning (2): Invalid argument supplied for foreach() in [APP\controllers\sys_functions_controller.php, line 72]
2010-03-29 19:56:22 Warning: Warning (2): Invalid argument supplied for foreach() in [APP\controllers\sys_functions_controller.php, line 72]
2010-03-29 19:57:55 Warning: Warning (2): Invalid argument supplied for foreach() in [APP\controllers\sys_functions_controller.php, line 71]
2010-03-29 19:58:18 Warning: Warning (2): Invalid argument supplied for foreach() in [APP\controllers\sys_functions_controller.php, line 72]
2010-03-29 19:58:51 Warning: Warning (2): Invalid argument supplied for foreach() in [APP\controllers\sys_functions_controller.php, line 70]
2010-03-30 10:01:02 Warning: Warning (2): Cannot modify header information - headers already sent by (output started at C:\xampp\htdocs\sushi\sourcecode\cake\basics.php:106) in [APP\controllers\sys_functions_controller.php, line 81]
2010-03-30 10:01:02 Warning: Warning (2): Cannot modify header information - headers already sent by (output started at C:\xampp\htdocs\sushi\sourcecode\cake\basics.php:106) in [APP\controllers\sys_functions_controller.php, line 82]
2010-03-30 10:08:25 Warning: Warning (2): Cannot modify header information - headers already sent by (output started at C:\xampp\htdocs\sushi\sourcecode\cake\basics.php:106) in [APP\controllers\sys_functions_controller.php, line 81]
2010-03-30 10:08:25 Warning: Warning (2): Cannot modify header information - headers already sent by (output started at C:\xampp\htdocs\sushi\sourcecode\cake\basics.php:106) in [APP\controllers\sys_functions_controller.php, line 82]
2010-04-26 15:58:30 Warning: Warning (2): Cannot modify header information - headers already sent by (output started at C:\xampp\htdocs\sushi\sourcecode\cake\basics.php:106) in [CORE\cake\libs\controller\controller.php, line 647]
